0 info it worked if it ends with ok
1 verbose cli [ '/usr/bin/nodejs', '/usr/bin/npm', 'publish' ]
2 info using npm@3.10.9
3 info using node@v4.6.1
4 verbose publish [ '.' ]
5 silly cache add args [ '.', null ]
6 verbose cache add spec .
7 silly cache add parsed spec Result {
7 silly cache add   raw: '.',
7 silly cache add   scope: null,
7 silly cache add   escapedName: null,
7 silly cache add   name: null,
7 silly cache add   rawSpec: '.',
7 silly cache add   spec: '/home/dennis/minimist-mini',
7 silly cache add   type: 'directory' }
8 verbose addLocalDirectory /home/dennis/.npm/minimist-mini/1.0.3/package.tgz not in flight; packing
9 verbose correctMkdir /home/dennis/.npm correctMkdir not in flight; initializing
10 info lifecycle minimist-mini@1.0.3~prepublish: minimist-mini@1.0.3
11 silly lifecycle minimist-mini@1.0.3~prepublish: no script for prepublish, continuing
12 verbose tar pack [ '/home/dennis/.npm/minimist-mini/1.0.3/package.tgz',
12 verbose tar pack   '/home/dennis/minimist-mini' ]
13 verbose tarball /home/dennis/.npm/minimist-mini/1.0.3/package.tgz
14 verbose folder /home/dennis/minimist-mini
15 verbose addLocalTarball adding from inside cache /home/dennis/.npm/minimist-mini/1.0.3/package.tgz
16 verbose correctMkdir /home/dennis/.npm correctMkdir not in flight; initializing
17 silly cache afterAdd minimist-mini@1.0.3
18 verbose afterAdd /home/dennis/.npm/minimist-mini/1.0.3/package/package.json not in flight; writing
19 verbose correctMkdir /home/dennis/.npm correctMkdir not in flight; initializing
20 verbose afterAdd /home/dennis/.npm/minimist-mini/1.0.3/package/package.json written
21 silly publish { name: 'minimist-mini',
21 silly publish   version: '1.0.3',
21 silly publish   description: 'Mini minimist with auto generation of help using README.md (converted to text) as help - and simple parsing of option given to the CLI program',
21 silly publish   main: 'index.js',
21 silly publish   scripts: { test: 'echo "Error: no test specified" && exit 1' },
21 silly publish   repository:
21 silly publish    { type: 'git',
21 silly publish      url: 'git+https://github.com/diversen/minimist-mini.git' },
21 silly publish   keywords: [ 'minimist', 'help', 'minimist', 'mini', 'minimist' ],
21 silly publish   author: { name: 'Dennis Iversen' },
21 silly publish   license: 'MIT',
21 silly publish   bugs: { url: 'https://github.com/diversen/minimist-mini/issues' },
21 silly publish   homepage: 'https://github.com/diversen/minimist-mini#readme',
21 silly publish   dependencies:
21 silly publish    { 'get-value': '^2.0.6',
21 silly publish      minimist: '^1.2.0',
21 silly publish      'remove-markdown': '^0.1.0' },
21 silly publish   readme: '# minimist-mini\n\nInstall: \n\n    npm install --save minimist-mini\n\nUsage: \n\n~~~js\nvar mini = require(\'minimist-mini\');\n\n// Opts are the same as in minimist\nvar opts = [];\nopts.boolean = [\'flag\'];\nopts.string = [\'help\', \'test\'];\n\n// Create object\nvar m = new mini(opts);\n\n// Check if test is set using --test\nvar test = m.get(\'test\');\nif (test){\n    console.log(test);\n}\n\n// Check if help is set using --help\n// and Output README.md as txt\n// if set\n//\n// You can also set a file from current path, e.g.\n// \'docs/cli.md (as param in mini.helpMessage)\n//\nif (m.get(\'help\')) {\n    mini.helpMessage();\n}\n~~~\n\nLicense: \n\nMIT \n',
21 silly publish   readmeFilename: 'README.md',
21 silly publish   gitHead: '23a13580fe5ba603b73fac146d32862c28beeda6',
21 silly publish   _id: 'minimist-mini@1.0.3',
21 silly publish   _shasum: '5532931af728426dab7d3b3c6e4155b51edab94b',
21 silly publish   _from: '.' }
22 verbose getPublishConfig undefined
23 silly mapToRegistry name minimist-mini
24 silly mapToRegistry using default registry
25 silly mapToRegistry registry https://registry.npmjs.org/
26 silly mapToRegistry data Result {
26 silly mapToRegistry   raw: 'minimist-mini',
26 silly mapToRegistry   scope: null,
26 silly mapToRegistry   escapedName: 'minimist-mini',
26 silly mapToRegistry   name: 'minimist-mini',
26 silly mapToRegistry   rawSpec: '',
26 silly mapToRegistry   spec: 'latest',
26 silly mapToRegistry   type: 'tag' }
27 silly mapToRegistry uri https://registry.npmjs.org/minimist-mini
28 verbose publish registryBase https://registry.npmjs.org/
29 silly publish uploading /home/dennis/.npm/minimist-mini/1.0.3/package.tgz
30 verbose request uri https://registry.npmjs.org/minimist-mini
31 verbose request sending authorization for write operation
32 info attempt registry request try #1 at 4:51:38 PM
33 verbose request using bearer token for auth
34 verbose request id 82d152635e5c8225
35 http request PUT https://registry.npmjs.org/minimist-mini
36 http 403 https://registry.npmjs.org/minimist-mini
37 verbose headers { 'content-type': 'application/json',
37 verbose headers   'cache-control': 'max-age=300',
37 verbose headers   'content-length': '95',
37 verbose headers   'accept-ranges': 'bytes',
37 verbose headers   date: 'Sat, 03 Dec 2016 15:51:39 GMT',
37 verbose headers   via: '1.1 varnish',
37 verbose headers   connection: 'keep-alive',
37 verbose headers   'x-served-by': 'cache-bma7027-BMA',
37 verbose headers   'x-cache': 'MISS',
37 verbose headers   'x-cache-hits': '0',
37 verbose headers   'x-timer': 'S1480780299.293260,VS0,VE631',
37 verbose headers   vary: 'Accept-Encoding' }
38 verbose request invalidating /home/dennis/.npm/registry.npmjs.org/minimist-mini on PUT
39 error publish Failed PUT 403
40 verbose stack Error: "You cannot publish over the previously published version 1.0.3." : minimist-mini
40 verbose stack     at makeError (/usr/lib/node_modules/npm/node_modules/npm-registry-client/lib/request.js:302:12)
40 verbose stack     at CachingRegistryClient.<anonymous> (/usr/lib/node_modules/npm/node_modules/npm-registry-client/lib/request.js:290:14)
40 verbose stack     at Request._callback (/usr/lib/node_modules/npm/node_modules/npm-registry-client/lib/request.js:210:14)
40 verbose stack     at Request.self.callback (/usr/lib/node_modules/npm/node_modules/request/request.js:187:22)
40 verbose stack     at emitTwo (events.js:87:13)
40 verbose stack     at Request.emit (events.js:172:7)
40 verbose stack     at Request.<anonymous> (/usr/lib/node_modules/npm/node_modules/request/request.js:1048:10)
40 verbose stack     at emitOne (events.js:77:13)
40 verbose stack     at Request.emit (events.js:169:7)
40 verbose stack     at IncomingMessage.<anonymous> (/usr/lib/node_modules/npm/node_modules/request/request.js:969:12)
41 verbose statusCode 403
42 verbose pkgid minimist-mini
43 verbose cwd /home/dennis/minimist-mini
44 error Linux 3.16.0-77-generic
45 error argv "/usr/bin/nodejs" "/usr/bin/npm" "publish"
46 error node v4.6.1
47 error npm  v3.10.9
48 error code E403
49 error "You cannot publish over the previously published version 1.0.3." : minimist-mini
50 error If you need help, you may report this error at:
50 error     <https://github.com/npm/npm/issues>
51 verbose exit [ 1, true ]
